
Successfully sent E-Mail to #1 - Niklas with E-Mail nskf2000@gmail.com

Successfully sent E-Mail to #1 - Niklas with E-Mail nskf2000@gmail.com

Successfully sent E-Mail to #2 - Simon with E-Mail simon_paul58@web.de

Successfully sent E-Mail to #2 - Simon with E-Mail simon_paul58@web.de

Successfully sent E-Mail to #1 - Niklas with E-Mail nskf2000@gmail.com

Successfully sent E-Mail to #1 - Niklas with E-Mail nskf2000@gmail.com

Successfully sent E-Mail to #2 - Simon with E-Mail simon_paul58@web.de

Executed with Code: 0

Executed with Code: 0

Executed with Code: 0

Successfully sent E-Mail to #1 - Niklas with E-Mail nskf2000@gmail.com for course 05b

Successfully sent E-Mail to #2 - Simon with E-Mail simon_paul58@web.de for course 05b

Successfully sent E-Mail to #2 - Simon with E-Mail simon_paul58@web.de for course 05c

Executed with Code: 0

Successfully sent E-Mail to #1 - Niklas with E-Mail nskf2000@gmail.com for course 05b

Successfully sent E-Mail to #2 - Simon with E-Mail simon_paul58@web.de for course 05b

Successfully sent E-Mail to #2 - Simon with E-Mail simon_paul58@web.de for course 05c

Executed with Code: 0

Successfully sent E-Mail to #1 - Niklas with E-Mail nskf2000@gmail.com

Successfully sent E-Mail to #2 - Simon with E-Mail simon_paul58@web.de

Executed with Code: 0

Successfully sent E-Mail to #1 - Niklas with E-Mail nskf2000@gmail.com

Successfully sent E-Mail to #2 - Simon with E-Mail simon_paul58@web.de

Executed with Code: 0

Executed with Code: 0

